[ALIBABA VMHandler].[INFO]: 2019-11-27 18:23:30 Test_Resources.go:142, main.main() - AWS Resource Test
[ALIBABA VMHandler].[INFO]: 2019-11-27 18:23:30 Test_Config.go:86, _/mnt/d/Workspace/go/src/github.com/cloud-barista/cb-spider/cloud-control-manager/cloud-driver/drivers/alibaba/main/conf.ReadConfigFile() - Loaded ConfigFile...
[ALIBABA VMHandler].[INFO]: 2019-11-27 18:23:30 Test_Config.go:88, _/mnt/d/Workspace/go/src/github.com/cloud-barista/cb-spider/cloud-control-manager/cloud-driver/drivers/alibaba/main/conf.ReadConfigFile() - {{LTAI4FmSoTRK2393Wb3Fu5ZE 84mGXR9h6Ba6a9OB9mBD2Ot5Jy0pIK ap-northeast-2 ami-047f7b46bd6dd5d84 i-040124dab74b11c48 mcloud-barista-vnictest t2.micro CB-KeyPairTest 1 1 subnet-0c618f11349dad285 sg-06c4523b969eaafc7 eipalloc-081849160f2b98917}}
[ALIBABA VMHandler].[INFO]: 2019-11-27 18:23:30 AlibabaCloudConnection.go:76, github.com/cloud-barista/cb-spider/cloud-control-manager/cloud-driver/drivers/alibaba/connect.(*AlibabaCloudConnection).CreatePublicIPHandler() - Alibaba Cloud Driver: called CreatePublicIPHandler()!
[ALIBABA VMHandler].[INFO]: 2019-11-27 18:23:30 Test_Config.go:86, _/mnt/d/Workspace/go/src/github.com/cloud-barista/cb-spider/cloud-control-manager/cloud-driver/drivers/alibaba/main/conf.ReadConfigFile() - Loaded ConfigFile...
[ALIBABA VMHandler].[INFO]: 2019-11-27 18:23:30 Test_Config.go:88, _/mnt/d/Workspace/go/src/github.com/cloud-barista/cb-spider/cloud-control-manager/cloud-driver/drivers/alibaba/main/conf.ReadConfigFile() - {{LTAI4FmSoTRK2393Wb3Fu5ZE 84mGXR9h6Ba6a9OB9mBD2Ot5Jy0pIK ap-northeast-2 ami-047f7b46bd6dd5d84 i-040124dab74b11c48 mcloud-barista-vnictest t2.micro CB-KeyPairTest 1 1 subnet-0c618f11349dad285 sg-06c4523b969eaafc7 eipalloc-081849160f2b98917}}
[ALIBABA VMHandler].[INFO]: 2019-11-27 18:23:30 Test_Resources.go:48, main.handlePublicIP() - reqPublicIP : eipalloc-081849160f2b98917
[ALIBABA VMHandler].[INFO]: 2019-11-27 18:23:33 PublicIPHandler.go:79, github.com/cloud-barista/cb-spider/cloud-control-manager/cloud-driver/drivers/alibaba/resources.(*AlibabaPublicIPHandler).ListPublicIP() - Start~
[ALIBABA VMHandler].[ERROR]: 2019-11-27 18:23:34 PublicIPHandler.go:97, github.com/cloud-barista/cb-spider/cloud-control-manager/cloud-driver/drivers/alibaba/resources.(*AlibabaPublicIPHandler).ListPublicIP() - Unable to get elastic IP address, [SDK.TimeoutError] The request timed out 4 times(4 for retry), perhaps we should have the threshold raised a little? Connect timeout. Please set a valid ConnectTimeout.
caused by:
Post https://vpc.ap-northeast-2.aliyuncs.com/?AccessKeyId=LTAI4FmSoTRK2393Wb3Fu5ZE&Action=DescribeEipAddresses&Format=JSON&RegionId=ap-northeast-2&Signature=zOYVm1B0MK6jDSv3BMPeRaZAi7o%3D&SignatureMethod=HMAC-SHA1&SignatureNonce=844fc581b22a2a0cbace00a2b12b1823&SignatureType=&SignatureVersion=1.0&Timestamp=2019-11-27T09%3A23%3A34Z&Version=2016-04-28: dial tcp: lookup vpc.ap-northeast-2.aliyuncs.com on 203.248.252.2:53: no such host
[ALIBABA VMHandler].[ERROR]: 2019-11-27 18:23:34 Test_Resources.go:76, main.handlePublicIP() - PublicIP 목록 조회 실패 : [SDK.TimeoutError] The request timed out 4 times(4 for retry), perhaps we should have the threshold raised a little? Connect timeout. Please set a valid ConnectTimeout.
caused by:
Post https://vpc.ap-northeast-2.aliyuncs.com/?AccessKeyId=LTAI4FmSoTRK2393Wb3Fu5ZE&Action=DescribeEipAddresses&Format=JSON&RegionId=ap-northeast-2&Signature=zOYVm1B0MK6jDSv3BMPeRaZAi7o%3D&SignatureMethod=HMAC-SHA1&SignatureNonce=844fc581b22a2a0cbace00a2b12b1823&SignatureType=&SignatureVersion=1.0&Timestamp=2019-11-27T09%3A23%3A34Z&Version=2016-04-28: dial tcp: lookup vpc.ap-northeast-2.aliyuncs.com on 203.248.252.2:53: no such host
[ALIBABA VMHandler].[INFO]: 2019-11-27 19:06:22 Test_Resources.go:142, main.main() - AWS Resource Test
[ALIBABA VMHandler].[INFO]: 2019-11-27 19:06:22 Test_Config.go:86, _/mnt/d/Workspace/go/src/github.com/cloud-barista/cb-spider/cloud-control-manager/cloud-driver/drivers/alibaba/main/conf.ReadConfigFile() - Loaded ConfigFile...
[ALIBABA VMHandler].[INFO]: 2019-11-27 19:06:22 Test_Config.go:88, _/mnt/d/Workspace/go/src/github.com/cloud-barista/cb-spider/cloud-control-manager/cloud-driver/drivers/alibaba/main/conf.ReadConfigFile() - {{LTAI4FmSoTRK2393Wb3Fu5ZE 84mGXR9h6Ba6a9OB9mBD2Ot5Jy0pIK ap-northeast-2 ami-047f7b46bd6dd5d84 i-040124dab74b11c48 mcloud-barista-vnictest t2.micro CB-KeyPairTest 1 1 subnet-0c618f11349dad285 sg-06c4523b969eaafc7 eipalloc-081849160f2b98917}}
[ALIBABA VMHandler].[INFO]: 2019-11-27 19:06:22 AlibabaCloudConnection.go:76, github.com/cloud-barista/cb-spider/cloud-control-manager/cloud-driver/drivers/alibaba/connect.(*AlibabaCloudConnection).CreatePublicIPHandler() - Alibaba Cloud Driver: called CreatePublicIPHandler()!
[ALIBABA VMHandler].[INFO]: 2019-11-27 19:06:22 Test_Config.go:86, _/mnt/d/Workspace/go/src/github.com/cloud-barista/cb-spider/cloud-control-manager/cloud-driver/drivers/alibaba/main/conf.ReadConfigFile() - Loaded ConfigFile...
[ALIBABA VMHandler].[INFO]: 2019-11-27 19:06:22 Test_Config.go:88, _/mnt/d/Workspace/go/src/github.com/cloud-barista/cb-spider/cloud-control-manager/cloud-driver/drivers/alibaba/main/conf.ReadConfigFile() - {{LTAI4FmSoTRK2393Wb3Fu5ZE 84mGXR9h6Ba6a9OB9mBD2Ot5Jy0pIK ap-northeast-2 ami-047f7b46bd6dd5d84 i-040124dab74b11c48 mcloud-barista-vnictest t2.micro CB-KeyPairTest 1 1 subnet-0c618f11349dad285 sg-06c4523b969eaafc7 eipalloc-081849160f2b98917}}
[ALIBABA VMHandler].[INFO]: 2019-11-27 19:06:22 Test_Resources.go:48, main.handlePublicIP() - reqPublicIP : eipalloc-081849160f2b98917
[ALIBABA VMHandler].[INFO]: 2019-11-27 19:06:23 PublicIPHandler.go:79, github.com/cloud-barista/cb-spider/cloud-control-manager/cloud-driver/drivers/alibaba/resources.(*AlibabaPublicIPHandler).ListPublicIP() - Start~
[ALIBABA VMHandler].[ERROR]: 2019-11-27 19:06:24 PublicIPHandler.go:97, github.com/cloud-barista/cb-spider/cloud-control-manager/cloud-driver/drivers/alibaba/resources.(*AlibabaPublicIPHandler).ListPublicIP() - Unable to get elastic IP address, [SDK.TimeoutError] The request timed out 4 times(4 for retry), perhaps we should have the threshold raised a little? Connect timeout. Please set a valid ConnectTimeout.
caused by:
Post https://vpc.ap-northeast-2.aliyuncs.com/?AccessKeyId=LTAI4FmSoTRK2393Wb3Fu5ZE&Action=DescribeEipAddresses&Format=JSON&RegionId=ap-northeast-2&Signature=%2BIWRHfN12%2BIBe3kud4Lxva3u1j4%3D&SignatureMethod=HMAC-SHA1&SignatureNonce=891073f0f1752c6a8b9c4e62d88ba08a&SignatureType=&SignatureVersion=1.0&Timestamp=2019-11-27T10%3A06%3A24Z&Version=2016-04-28: dial tcp: lookup vpc.ap-northeast-2.aliyuncs.com on 203.248.252.2:53: no such host
[ALIBABA VMHandler].[ERROR]: 2019-11-27 19:06:24 Test_Resources.go:76, main.handlePublicIP() - PublicIP 목록 조회 실패 : [SDK.TimeoutError] The request timed out 4 times(4 for retry), perhaps we should have the threshold raised a little? Connect timeout. Please set a valid ConnectTimeout.
caused by:
Post https://vpc.ap-northeast-2.aliyuncs.com/?AccessKeyId=LTAI4FmSoTRK2393Wb3Fu5ZE&Action=DescribeEipAddresses&Format=JSON&RegionId=ap-northeast-2&Signature=%2BIWRHfN12%2BIBe3kud4Lxva3u1j4%3D&SignatureMethod=HMAC-SHA1&SignatureNonce=891073f0f1752c6a8b9c4e62d88ba08a&SignatureType=&SignatureVersion=1.0&Timestamp=2019-11-27T10%3A06%3A24Z&Version=2016-04-28: dial tcp: lookup vpc.ap-northeast-2.aliyuncs.com on 203.248.252.2:53: no such host
